INFO:sim:172 - Generating IP...
Resolving generics for 'myClockManager'...
Applying external generics to 'myClockManager'...
Delivering associated files for 'myClockManager'...
WARNING:sim - Component clk_wiz_v3_6 does not have a valid model name for VHDL
   synthesis
Delivering EJava files for 'myClockManager'...
Delivered 3 files into directory
C:/Users/ladyo/Documents/Xilinx/myVGA_/ipcore_dir/tmp/_cg/myClockManager
Delivered 1 file into directory
C:/Users/ladyo/Documents/Xilinx/myVGA_/ipcore_dir/tmp/_cg/myClockManager
Generating ASY schematic symbol...
Loading device for application Rf_Device from file '6slx9.nph' in environment
C:\Xilinx\14.7\ISE_DS\ISE\.
INFO:sim:949 - Finished generation of ASY schematic symbol.
Generating SYM schematic symbol for 'myClockManager'...
Generating ISE project...
XCO file found: myClockManager.xco
XMDF file found: myClockManager_xmdf.tcl
Adding
C:/Users/ladyo/Documents/Xilinx/myVGA_/ipcore_dir/tmp/_cg/myClockManager.asy
-view all -origin_type imported
Adding
C:/Users/ladyo/Documents/Xilinx/myVGA_/ipcore_dir/tmp/_cg/myClockManager.ucf
-view all -origin_type created
Adding
C:/Users/ladyo/Documents/Xilinx/myVGA_/ipcore_dir/tmp/_cg/myClockManager.vhd
-view all -origin_type created
INFO:HDLCompiler:1061 - Parsing VHDL file
   "C:/Users/ladyo/Documents/Xilinx/myVGA_/ipcore_dir/tmp/_cg/myClockManager.vhd
   " into library work
INFO:ProjectMgmt - Parsing design hierarchy completed successfully.
Adding
C:/Users/ladyo/Documents/Xilinx/myVGA_/ipcore_dir/tmp/_cg/myClockManager.vho
-view all -origin_type imported
INFO:TclTasksC:2116 - The automatic calculation of top has been turned-off.
   Please set the new top explicitly by running the "project set top" command.
   To re-calculate the new top automatically, set the "Auto Implementation Top"
   property to true.
Top level has been set to "/myClockManager"
Generating README file...
Generating FLIST file...
INFO:sim:948 - Finished FLIST file generation.
Launching README viewer...
Moving files to output directory...
Finished moving files to output directory
Wrote CGP file for project 'myClockManager'.
